<?xml version="1.0" encoding="UTF-8"?>
<testsuite xmlns:xsi="http://www.w3.org/2001/XMLSchema-instance" xsi:noNamespaceSchemaLocation="https://maven.apache.org/surefire/maven-surefire-plugin/xsd/surefire-test-report-3.0.xsd" version="3.0" name="mate.academy.controller.BookControllerTest" time="4.998" tests="4" errors="0" skipped="0" failures="0">
  <properties>
[...]
</properties>
  <testcase name="deleteBook_validId_Success" classname="mate.academy.controller.BookControllerTest" time="0.656">
    <system-out><![CDATA[Standard Commons Logging discovery in action with spring-jcl: please remove commons-logging.jar from classpath in order to avoid potential conflicts
22:19:42.136 [main] INFO org.springframework.test.context.support.AnnotationConfigContextLoaderUtils -- Could not detect default configuration classes for test class [mate.academy.controller.BookControllerTest]: BookControllerTest does not declare any static, non-private, non-final, nested classes annotated with @Configuration.
22:19:42.226 [main] INFO org.springframework.boot.test.context.SpringBootTestContextBootstrapper -- Found @SpringBootConfiguration mate.academy.MyProjectApplication for test class mate.academy.controller.BookControllerTest

  .   ____          _            __ _ _
 /\\ / ___'_ __ _ _(_)_ __  __ _ \ \ \ \
( ( )\___ | '_ | '_| | '_ \/ _` | \ \ \ \
 \\/  ___)| |_)| | | | | || (_| |  ) ) ) )
  '  |____| .__|_| |_|_| |_\__, | / / / /
 =========|_|==============|___/=/_/_/_/
&amp#27;[32m :: Spring Boot :: &amp#27;[39m              &amp#27;[2m (v3.2.0)&amp#27;[0;39m

&amp#27;[2m2026-03-01T22:19:42.430+02:00&amp#27;[0;39m &amp#27;[32m INFO&amp#27;[0;39m &amp#27;[35m12952&amp#27;[0;39m &amp#27;[2m---&amp#27;[0;39m &amp#27;[2m[           main]&amp#27;[0;39m &amp#27;[2m&amp#27;[0;39m&amp#27;[36mm.academy.controller.BookControllerTest &amp#27;[0;39m &amp#27;[2m:&amp#27;[0;39m Starting BookControllerTest using Java 23.0.1 with PID 12952 (started by user in /Users/user/IdeaProjects/jv-Readly)
&amp#27;[2m2026-03-01T22:19:42.431+02:00&amp#27;[0;39m &amp#27;[32m INFO&amp#27;[0;39m &amp#27;[35m12952&amp#27;[0;39m &amp#27;[2m---&amp#27;[0;39m &amp#27;[2m[           main]&amp#27;[0;39m &amp#27;[2m&amp#27;[0;39m&amp#27;[36mm.academy.controller.BookControllerTest &amp#27;[0;39m &amp#27;[2m:&amp#27;[0;39m No active profile set, falling back to 1 default profile: "default"
&amp#27;[2m2026-03-01T22:19:42.917+02:00&amp#27;[0;39m &amp#27;[32m INFO&amp#27;[0;39m &amp#27;[35m12952&amp#27;[0;39m &amp#27;[2m---&amp#27;[0;39m &amp#27;[2m[           main]&amp#27;[0;39m &amp#27;[2m&amp#27;[0;39m&amp#27;[36m.s.d.r.c.RepositoryConfigurationDelegate&amp#27;[0;39m &amp#27;[2m:&amp#27;[0;39m Bootstrapping Spring Data JPA repositories in DEFAULT mode.
&amp#27;[2m2026-03-01T22:19:43.024+02:00&amp#27;[0;39m &amp#27;[32m INFO&amp#27;[0;39m &amp#27;[35m12952&amp#27;[0;39m &amp#27;[2m---&amp#27;[0;39m &amp#27;[2m[           main]&amp#27;[0;39m &amp#27;[2m&amp#27;[0;39m&amp#27;[36m.s.d.r.c.RepositoryConfigurationDelegate&amp#27;[0;39m &amp#27;[2m:&amp#27;[0;39m Finished Spring Data repository scanning in 102 ms. Found 8 JPA repository interfaces.
&amp#27;[2m2026-03-01T22:19:43.371+02:00&amp#27;[0;39m &amp#27;[32m INFO&amp#27;[0;39m &amp#27;[35m12952&amp#27;[0;39m &amp#27;[2m---&amp#27;[0;39m &amp#27;[2m[           main]&amp#27;[0;39m &amp#27;[2m&amp#27;[0;39m&amp#27;[36mo.s.b.w.embedded.tomcat.TomcatWebServer &amp#27;[0;39m &amp#27;[2m:&amp#27;[0;39m Tomcat initialized with port 0 (http)
&amp#27;[2m2026-03-01T22:19:43.377+02:00&amp#27;[0;39m &amp#27;[32m INFO&amp#27;[0;39m &amp#27;[35m12952&amp#27;[0;39m &amp#27;[2m---&amp#27;[0;39m &amp#27;[2m[           main]&amp#27;[0;39m &amp#27;[2m&amp#27;[0;39m&amp#27;[36mo.apache.catalina.core.StandardService  &amp#27;[0;39m &amp#27;[2m:&amp#27;[0;39m Starting service [Tomcat]
&amp#27;[2m2026-03-01T22:19:43.377+02:00&amp#27;[0;39m &amp#27;[32m INFO&amp#27;[0;39m &amp#27;[35m12952&amp#27;[0;39m &amp#27;[2m---&amp#27;[0;39m &amp#27;[2m[           main]&amp#27;[0;39m &amp#27;[2m&amp#27;[0;39m&amp#27;[36mo.apache.catalina.core.StandardEngine   &amp#27;[0;39m &amp#27;[2m:&amp#27;[0;39m Starting Servlet engine: [Apache Tomcat/10.1.16]
&amp#27;[2m2026-03-01T22:19:43.408+02:00&amp#27;[0;39m &amp#27;[32m INFO&amp#27;[0;39m &amp#27;[35m12952&amp#27;[0;39m &amp#27;[2m---&amp#27;[0;39m &amp#27;[2m[           main]&amp#27;[0;39m &amp#27;[2m&amp#27;[0;39m&amp#27;[36mo.a.c.c.C.[Tomcat].[localhost].[/]      &amp#27;[0;39m &amp#27;[2m:&amp#27;[0;39m Initializing Spring embedded WebApplicationContext
&amp#27;[2m2026-03-01T22:19:43.409+02:00&amp#27;[0;39m &amp#27;[32m INFO&amp#27;[0;39m &amp#27;[35m12952&amp#27;[0;39m &amp#27;[2m---&amp#27;[0;39m &amp#27;[2m[           main]&amp#27;[0;39m &amp#27;[2m&amp#27;[0;39m&amp#27;[36mw.s.c.ServletWebServerApplicationContext&amp#27;[0;39m &amp#27;[2m:&amp#27;[0;39m Root WebApplicationContext: initialization completed in 967 ms
Standard Commons Logging discovery in action with spring-jcl: please remove commons-logging.jar from classpath in order to avoid potential conflicts
&amp#27;[2m2026-03-01T22:19:43.473+02:00&amp#27;[0;39m &amp#27;[32m INFO&amp#27;[0;39m &amp#27;[35m12952&amp#27;[0;39m &amp#27;[2m---&amp#27;[0;39m &amp#27;[2m[           main]&amp#27;[0;39m &amp#27;[2m&amp#27;[0;39m&amp#27;[36mcom.zaxxer.hikari.HikariDataSource      &amp#27;[0;39m &amp#27;[2m:&amp#27;[0;39m HikariPool-1 - Starting...
&amp#27;[2m2026-03-01T22:19:43.589+02:00&amp#27;[0;39m &amp#27;[32m INFO&amp#27;[0;39m &amp#27;[35m12952&amp#27;[0;39m &amp#27;[2m---&amp#27;[0;39m &amp#27;[2m[           main]&amp#27;[0;39m &amp#27;[2m&amp#27;[0;39m&amp#27;[36mcom.zaxxer.hikari.pool.HikariPool       &amp#27;[0;39m &amp#27;[2m:&amp#27;[0;39m HikariPool-1 - Added connection conn0: url=jdbc:h2:mem:testdb user=SA
&amp#27;[2m2026-03-01T22:19:43.590+02:00&amp#27;[0;39m &amp#27;[32m INFO&amp#27;[0;39m &amp#27;[35m12952&amp#27;[0;39m &amp#27;[2m---&amp#27;[0;39m &amp#27;[2m[           main]&amp#27;[0;39m &amp#27;[2m&amp#27;[0;39m&amp#27;[36mcom.zaxxer.hikari.HikariDataSource      &amp#27;[0;39m &amp#27;[2m:&amp#27;[0;39m HikariPool-1 - Start completed.
&amp#27;[2m2026-03-01T22:19:43.627+02:00&amp#27;[0;39m &amp#27;[32m INFO&amp#27;[0;39m &amp#27;[35m12952&amp#27;[0;39m &amp#27;[2m---&amp#27;[0;39m &amp#27;[2m[           main]&amp#27;[0;39m &amp#27;[2m&amp#27;[0;39m&amp#27;[36mliquibase.database                      &amp#27;[0;39m &amp#27;[2m:&amp#27;[0;39m Set default schema name to PUBLIC
&amp#27;[2m2026-03-01T22:19:43.958+02:00&amp#27;[0;39m &amp#27;[32m INFO&amp#27;[0;39m &amp#27;[35m12952&amp#27;[0;39m &amp#27;[2m---&amp#27;[0;39m &amp#27;[2m[           main]&amp#27;[0;39m &amp#27;[2m&amp#27;[0;39m&amp#27;[36mliquibase.changelog                     &amp#27;[0;39m &amp#27;[2m:&amp#27;[0;39m Creating database history table with name: PUBLIC.DATABASECHANGELOG
&amp#27;[2m2026-03-01T22:19:44.022+02:00&amp#27;[0;39m &amp#27;[32m INFO&amp#27;[0;39m &amp#27;[35m12952&amp#27;[0;39m &amp#27;[2m---&amp#27;[0;39m &amp#27;[2m[           main]&amp#27;[0;39m &amp#27;[2m&amp#27;[0;39m&amp#27;[36mliquibase.changelog                     &amp#27;[0;39m &amp#27;[2m:&amp#27;[0;39m Reading from PUBLIC.DATABASECHANGELOG
&amp#27;[2m2026-03-01T22:19:44.097+02:00&amp#27;[0;39m &amp#27;[32m INFO&amp#27;[0;39m &amp#27;[35m12952&amp#27;[0;39m &amp#27;[2m---&amp#27;[0;39m &amp#27;[2m[           main]&amp#27;[0;39m &amp#27;[2m&amp#27;[0;39m&amp#27;[36mliquibase.lockservice                   &amp#27;[0;39m &amp#27;[2m:&amp#27;[0;39m Successfully acquired change log lock
&amp#27;[2m2026-03-01T22:19:44.097+02:00&amp#27;[0;39m &amp#27;[32m INFO&amp#27;[0;39m &amp#27;[35m12952&amp#27;[0;39m &amp#27;[2m---&amp#27;[0;39m &amp#27;[2m[           main]&amp#27;[0;39m &amp#27;[2m&amp#27;[0;39m&amp#27;[36mliquibase.command                       &amp#27;[0;39m &amp#27;[2m:&amp#27;[0;39m Using deploymentId: 2396384097
&amp#27;[2m2026-03-01T22:19:44.098+02:00&amp#27;[0;39m &amp#27;[32m INFO&amp#27;[0;39m &amp#27;[35m12952&amp#27;[0;39m &amp#27;[2m---&amp#27;[0;39m &amp#27;[2m[           main]&amp#27;[0;39m &amp#27;[2m&amp#27;[0;39m&amp#27;[36mliquibase.changelog                     &amp#27;[0;39m &amp#27;[2m:&amp#27;[0;39m Reading from PUBLIC.DATABASECHANGELOG
Running Changeset: db/changelog/changes/01-create-book-table.yaml::create-book-table::Olha
&amp#27;[2m2026-03-01T22:19:44.135+02:00&amp#27;[0;39m &amp#27;[32m INFO&amp#27;[0;39m &amp#27;[35m12952&amp#27;[0;39m &amp#27;[2m---&amp#27;[0;39m &amp#27;[2m[           main]&amp#27;[0;39m &amp#27;[2m&amp#27;[0;39m&amp#27;[36mliquibase.changelog                     &amp#27;[0;39m &amp#27;[2m:&amp#27;[0;39m Table books created
&amp#27;[2m2026-03-01T22:19:44.135+02:00&amp#27;[0;39m &amp#27;[32m INFO&amp#27;[0;39m &amp#27;[35m12952&amp#27;[0;39m &amp#27;[2m---&amp#27;[0;39m &amp#27;[2m[           main]&amp#27;[0;39m &amp#27;[2m&amp#27;[0;39m&amp#27;[36mliquibase.changelog                     &amp#27;[0;39m &amp#27;[2m:&amp#27;[0;39m ChangeSet db/changelog/changes/01-create-book-table.yaml::create-book-table::Olha ran successfully in 5ms
Running Changeset: db/changelog/changes/03-create-user-table.yaml::create-user-table::Olha
&amp#27;[2m2026-03-01T22:19:44.141+02:00&amp#27;[0;39m &amp#27;[32m INFO&amp#27;[0;39m &amp#27;[35m12952&amp#27;[0;39m &amp#27;[2m---&amp#27;[0;39m &amp#27;[2m[           main]&amp#27;[0;39m &amp#27;[2m&amp#27;[0;39m&amp#27;[36mliquibase.changelog                     &amp#27;[0;39m &amp#27;[2m:&amp#27;[0;39m Table users created
&amp#27;[2m2026-03-01T22:19:44.141+02:00&amp#27;[0;39m &amp#27;[32m INFO&amp#27;[0;39m &amp#27;[35m12952&amp#27;[0;39m &amp#27;[2m---&amp#27;[0;39m &amp#27;[2m[           main]&amp#27;[0;39m &amp#27;[2m&amp#27;[0;39m&amp#27;[36mliquibase.changelog                     &amp#27;[0;39m &amp#27;[2m:&amp#27;[0;39m ChangeSet db/changelog/changes/03-create-user-table.yaml::create-user-table::Olha ran successfully in 2ms
Running Changeset: db/changelog/changes/03-create-user-table.yaml::modify-column-address-to-users::Olha
&amp#27;[2m2026-03-01T22:19:44.143+02:00&amp#27;[0;39m &amp#27;[32m INFO&amp#27;[0;39m &amp#27;[35m12952&amp#27;[0;39m &amp#27;[2m---&amp#27;[0;39m &amp#27;[2m[           main]&amp#27;[0;39m &amp#27;[2m&amp#27;[0;39m&amp#27;[36mliquibase.changelog                     &amp#27;[0;39m &amp#27;[2m:&amp#27;[0;39m Null constraint dropped from users.shipping_address
&amp#27;[2m2026-03-01T22:19:44.143+02:00&amp#27;[0;39m &amp#27;[32m INFO&amp#27;[0;39m &amp#27;[35m12952&amp#27;[0;39m &amp#27;[2m---&amp#27;[0;39m &amp#27;[2m[           main]&amp#27;[0;39m &amp#27;[2m&amp#27;[0;39m&amp#27;[36mliquibase.changelog                     &amp#27;[0;39m &amp#27;[2m:&amp#27;[0;39m ChangeSet db/changelog/changes/03-create-user-table.yaml::modify-column-address-to-users::Olha ran successfully in 1ms
Running Changeset: db/changelog/changes/02-create-role-table.yaml::create-role-table::Olha
&amp#27;[2m2026-03-01T22:19:44.146+02:00&amp#27;[0;39m &amp#27;[32m INFO&amp#27;[0;39m &amp#27;[35m12952&amp#27;[0;39m &amp#27;[2m---&amp#27;[0;39m &amp#27;[2m[           main]&amp#27;[0;39m &amp#27;[2m&amp#27;[0;39m&amp#27;[36mliquibase.changelog                     &amp#27;[0;39m &amp#27;[2m:&amp#27;[0;39m Table roles created
&amp#27;[2m2026-03-01T22:19:44.147+02:00&amp#27;[0;39m &amp#27;[32m INFO&amp#27;[0;39m &amp#27;[35m12952&amp#27;[0;39m &amp#27;[2m---&amp#27;[0;39m &amp#27;[2m[           main]&amp#27;[0;39m &amp#27;[2m&amp#27;[0;39m&amp#27;[36mliquibase.changelog                     &amp#27;[0;39m &amp#27;[2m:&amp#27;[0;39m ChangeSet db/changelog/changes/02-create-role-table.yaml::create-role-table::Olha ran successfully in 2ms
Running Changeset: db/changelog/changes/04-create-users-roles-table.yaml::create-users-roles-table::Olha
&amp#27;[2m2026-03-01T22:19:44.152+02:00&amp#27;[0;39m &amp#27;[32m INFO&amp#27;[0;39m &amp#27;[35m12952&amp#27;[0;39m &amp#27;[2m---&amp#27;[0;39m &amp#27;[2m[           main]&amp#27;[0;39m &amp#27;[2m&amp#27;[0;39m&amp#27;[36mliquibase.changelog                     &amp#27;[0;39m &amp#27;[2m:&amp#27;[0;39m Table users_roles created
&amp#27;[2m2026-03-01T22:19:44.152+02:00&amp#27;[0;39m &amp#27;[32m INFO&amp#27;[0;39m &amp#27;[35m12952&amp#27;[0;39m &amp#27;[2m---&amp#27;[0;39m &amp#27;[2m[           main]&amp#27;[0;39m &amp#27;[2m&amp#27;[0;39m&amp#27;[36mliquibase.changelog                     &amp#27;[0;39m &amp#27;[2m:&amp#27;[0;39m ChangeSet db/changelog/changes/04-create-users-roles-table.yaml::create-users-roles-table::Olha ran successfully in 4ms
Running Changeset: db/changelog/changes/06-insert-roles-to-roles-table.yaml::insert-roles::Olha
&amp#27;[2m2026-03-01T22:19:44.154+02:00&amp#27;[0;39m &amp#27;[32m INFO&amp#27;[0;39m &amp#27;[35m12952&amp#27;[0;39m &amp#27;[2m---&amp#27;[0;39m &amp#27;[2m[           main]&amp#27;[0;39m &amp#27;[2m&amp#27;[0;39m&amp#27;[36mliquibase.changelog                     &amp#27;[0;39m &amp#27;[2m:&amp#27;[0;39m New row inserted into roles
&amp#27;[2m2026-03-01T22:19:44.155+02:00&amp#27;[0;39m &amp#27;[32m INFO&amp#27;[0;39m &amp#27;[35m12952&amp#27;[0;39m &amp#27;[2m---&amp#27;[0;39m &amp#27;[2m[           main]&amp#27;[0;39m &amp#27;[2m&amp#27;[0;39m&amp#27;[36mliquibase.changelog                     &amp#27;[0;39m &amp#27;[2m:&amp#27;[0;39m New row inserted into roles
&amp#27;[2m2026-03-01T22:19:44.155+02:00&amp#27;[0;39m &amp#27;[32m INFO&amp#27;[0;39m &amp#27;[35m12952&amp#27;[0;39m &amp#27;[2m---&amp#27;[0;39m &amp#27;[2m[           main]&amp#27;[0;39m &amp#27;[2m&amp#27;[0;39m&amp#27;[36mliquibase.changelog                     &amp#27;[0;39m &amp#27;[2m:&amp#27;[0;39m ChangeSet db/changelog/changes/06-insert-roles-to-roles-table.yaml::insert-roles::Olha ran successfully in 2ms
Running Changeset: db/changelog/changes/05-insert-users-to-users-table.yaml::insert-users-to-users-table::Olha
&amp#27;[2m2026-03-01T22:19:44.158+02:00&amp#27;[0;39m &amp#27;[32m INFO&amp#27;[0;39m &amp#27;[35m12952&amp#27;[0;39m &amp#27;[2m---&amp#27;[0;39m &amp#27;[2m[           main]&amp#27;[0;39m &amp#27;[2m&amp#27;[0;39m&amp#27;[36mliquibase.changelog                     &amp#27;[0;39m &amp#27;[2m:&amp#27;[0;39m New row inserted into users
&amp#27;[2m2026-03-01T22:19:44.158+02:00&amp#27;[0;39m &amp#27;[32m INFO&amp#27;[0;39m &amp#27;[35m12952&amp#27;[0;39m &amp#27;[2m---&amp#27;[0;39m &amp#27;[2m[           main]&amp#27;[0;39m &amp#27;[2m&amp#27;[0;39m&amp#27;[36mliquibase.changelog                     &amp#27;[0;39m &amp#27;[2m:&amp#27;[0;39m New row inserted into users
&amp#27;[2m2026-03-01T22:19:44.159+02:00&amp#27;[0;39m &amp#27;[32m INFO&amp#27;[0;39m &amp#27;[35m12952&amp#27;[0;39m &amp#27;[2m---&amp#27;[0;39m &amp#27;[2m[           main]&amp#27;[0;39m &amp#27;[2m&amp#27;[0;39m&amp#27;[36mliquibase.changelog                     &amp#27;[0;39m &amp#27;[2m:&amp#27;[0;39m New row inserted into users
&amp#27;[2m2026-03-01T22:19:44.159+02:00&amp#27;[0;39m &amp#27;[32m INFO&amp#27;[0;39m &amp#27;[35m12952&amp#27;[0;39m &amp#27;[2m---&amp#27;[0;39m &amp#27;[2m[           main]&amp#27;[0;39m &amp#27;[2m&amp#27;[0;39m&amp#27;[36mliquibase.changelog                     &amp#27;[0;39m &amp#27;[2m:&amp#27;[0;39m ChangeSet db/changelog/changes/05-insert-users-to-users-table.yaml::insert-users-to-users-table::Olha ran successfully in 2ms
Running Changeset: db/changelog/changes/05-insert-users-to-users-table.yaml::set-roles-for-users::Olha
&amp#27;[2m2026-03-01T22:19:44.161+02:00&amp#27;[0;39m &amp#27;[32m INFO&amp#27;[0;39m &amp#27;[35m12952&amp#27;[0;39m &amp#27;[2m---&amp#27;[0;39m &amp#27;[2m[           main]&amp#27;[0;39m &amp#27;[2m&amp#27;[0;39m&amp#27;[36mliquibase.changelog                     &amp#27;[0;39m &amp#27;[2m:&amp#27;[0;39m New row inserted into users_roles
&amp#27;[2m2026-03-01T22:19:44.162+02:00&amp#27;[0;39m &amp#27;[32m INFO&amp#27;[0;39m &amp#27;[35m12952&amp#27;[0;39m &amp#27;[2m---&amp#27;[0;39m &amp#27;[2m[           main]&amp#27;[0;39m &amp#27;[2m&amp#27;[0;39m&amp#27;[36mliquibase.changelog                     &amp#27;[0;39m &amp#27;[2m:&amp#27;[0;39m New row inserted into users_roles
&amp#27;[2m2026-03-01T22:19:44.162+02:00&amp#27;[0;39m &amp#27;[32m INFO&amp#27;[0;39m &amp#27;[35m12952&amp#27;[0;39m &amp#27;[2m---&amp#27;[0;39m &amp#27;[2m[           main]&amp#27;[0;39m &amp#27;[2m&amp#27;[0;39m&amp#27;[36mliquibase.changelog                     &amp#27;[0;39m &amp#27;[2m:&amp#27;[0;39m New row inserted into users_roles
&amp#27;[2m2026-03-01T22:19:44.162+02:00&amp#27;[0;39m &amp#27;[32m INFO&amp#27;[0;39m &amp#27;[35m12952&amp#27;[0;39m &amp#27;[2m---&amp#27;[0;39m &amp#27;[2m[           main]&amp#27;[0;39m &amp#27;[2m&amp#27;[0;39m&amp#27;[36mliquibase.changelog                     &amp#27;[0;39m &amp#27;[2m:&amp#27;[0;39m ChangeSet db/changelog/changes/05-insert-users-to-users-table.yaml::set-roles-for-users::Olha ran successfully in 1ms
Running Changeset: db/changelog/changes/07-set-roles-for-users.yaml::set-roles-for-users::Olha
&amp#27;[2m2026-03-01T22:19:44.165+02:00&amp#27;[0;39m &amp#27;[32m INFO&amp#27;[0;39m &amp#27;[35m12952&amp#27;[0;39m &amp#27;[2m---&amp#27;[0;39m &amp#27;[2m[           main]&amp#27;[0;39m &amp#27;[2m&amp#27;[0;39m&amp#27;[36mliquibase.changelog                     &amp#27;[0;39m &amp#27;[2m:&amp#27;[0;39m New row inserted into users_roles
&amp#27;[2m2026-03-01T22:19:44.165+02:00&amp#27;[0;39m &amp#27;[32m INFO&amp#27;[0;39m &amp#27;[35m12952&amp#27;[0;39m &amp#27;[2m---&amp#27;[0;39m &amp#27;[2m[           main]&amp#27;[0;39m &amp#27;[2m&amp#27;[0;39m&amp#27;[36mliquibase.changelog                     &amp#27;[0;39m &amp#27;[2m:&amp#27;[0;39m New row inserted into users_roles
&amp#27;[2m2026-03-01T22:19:44.165+02:00&amp#27;[0;39m &amp#27;[32m INFO&amp#27;[0;39m &amp#27;[35m12952&amp#27;[0;39m &amp#27;[2m---&amp#27;[0;39m &amp#27;[2m[           main]&amp#27;[0;39m &amp#27;[2m&amp#27;[0;39m&amp#27;[36mliquibase.changelog                     &amp#27;[0;39m &amp#27;[2m:&amp#27;[0;39m ChangeSet db/changelog/changes/07-set-roles-for-users.yaml::set-roles-for-users::Olha ran successfully in 1ms
Running Changeset: db/changelog/changes/08-create-category-table.yaml::create-category-table::Olha
&amp#27;[2m2026-03-01T22:19:44.169+02:00&amp#27;[0;39m &amp#27;[32m INFO&amp#27;[0;39m &amp#27;[35m12952&amp#27;[0;39m &amp#27;[2m---&amp#27;[0;39m &amp#27;[2m[           main]&amp#27;[0;39m &amp#27;[2m&amp#27;[0;39m&amp#27;[36mliquibase.changelog                     &amp#27;[0;39m &amp#27;[2m:&amp#27;[0;39m Table categories created
&amp#27;[2m2026-03-01T22:19:44.170+02:00&amp#27;[0;39m &amp#27;[32m INFO&amp#27;[0;39m &amp#27;[35m12952&amp#27;[0;39m &amp#27;[2m---&amp#27;[0;39m &amp#27;[2m[           main]&amp#27;[0;39m &amp#27;[2m&amp#27;[0;39m&amp#27;[36mliquibase.changelog                     &amp#27;[0;39m &amp#27;[2m:&amp#27;[0;39m ChangeSet db/changelog/changes/08-create-category-table.yaml::create-category-table::Olha ran successfully in 2ms
Running Changeset: db/changelog/changes/09-create-books-categories-table.yaml::create-books-categories-table::Olha
&amp#27;[2m2026-03-01T22:19:44.173+02:00&amp#27;[0;39m &amp#27;[32m INFO&amp#27;[0;39m &amp#27;[35m12952&amp#27;[0;39m &amp#27;[2m---&amp#27;[0;39m &amp#27;[2m[           main]&amp#27;[0;39m &amp#27;[2m&amp#27;[0;39m&amp#27;[36mliquibase.changelog                     &amp#27;[0;39m &amp#27;[2m:&amp#27;[0;39m Table books_categories created
&amp#27;[2m2026-03-01T22:19:44.173+02:00&amp#27;[0;39m &amp#27;[32m INFO&amp#27;[0;39m &amp#27;[35m12952&amp#27;[0;39m &amp#27;[2m---&amp#27;[0;39m &amp#27;[2m[           main]&amp#27;[0;39m &amp#27;[2m&amp#27;[0;39m&amp#27;[36mliquibase.changelog                     &amp#27;[0;39m &amp#27;[2m:&amp#27;[0;39m ChangeSet db/changelog/changes/09-create-books-categories-table.yaml::create-books-categories-table::Olha ran successfully in 2ms
Running Changeset: db/changelog/changes/10-create-shopping-cart-table.yaml::create-shopping-cart-table::Olha
&amp#27;[2m2026-03-01T22:19:44.178+02:00&amp#27;[0;39m &amp#27;[32m INFO&amp#27;[0;39m &amp#27;[35m12952&amp#27;[0;39m &amp#27;[2m---&amp#27;[0;39m &amp#27;[2m[           main]&amp#27;[0;39m &amp#27;[2m&amp#27;[0;39m&amp#27;[36mliquibase.changelog                     &amp#27;[0;39m &amp#27;[2m:&amp#27;[0;39m Table shopping_carts created
&amp#27;[2m2026-03-01T22:19:44.180+02:00&amp#27;[0;39m &amp#27;[32m INFO&amp#27;[0;39m &amp#27;[35m12952&amp#27;[0;39m &amp#27;[2m---&amp#27;[0;39m &amp#27;[2m[           main]&amp#27;[0;39m &amp#27;[2m&amp#27;[0;39m&amp#27;[36mliquibase.changelog                     &amp#27;[0;39m &amp#27;[2m:&amp#27;[0;39m Foreign key constraint added to shopping_carts (user_id)
&amp#27;[2m2026-03-01T22:19:44.180+02:00&amp#27;[0;39m &amp#27;[32m INFO&amp#27;[0;39m &amp#27;[35m12952&amp#27;[0;39m &amp#27;[2m---&amp#27;[0;39m &amp#27;[2m[           main]&amp#27;[0;39m &amp#27;[2m&amp#27;[0;39m&amp#27;[36mliquibase.changelog                     &amp#27;[0;39m &amp#27;[2m:&amp#27;[0;39m ChangeSet db/changelog/changes/10-create-shopping-cart-table.yaml::create-shopping-cart-table::Olha ran successfully in 4ms
Running Changeset: db/changelog/changes/11-insert-data-into-shopping-carts.yaml::insert-data-into-shopping-carts-table::Olha
&amp#27;[2m2026-03-01T22:19:44.182+02:00&amp#27;[0;39m &amp#27;[32m INFO&amp#27;[0;39m &amp#27;[35m12952&amp#27;[0;39m &amp#27;[2m---&amp#27;[0;39m &amp#27;[2m[           main]&amp#27;[0;39m &amp#27;[2m&amp#27;[0;39m&amp#27;[36mliquibase.changelog                     &amp#27;[0;39m &amp#27;[2m:&amp#27;[0;39m New row inserted into shopping_carts
&amp#27;[2m2026-03-01T22:19:44.183+02:00&amp#27;[0;39m &amp#27;[32m INFO&amp#27;[0;39m &amp#27;[35m12952&amp#27;[0;39m &amp#27;[2m---&amp#27;[0;39m &amp#27;[2m[           main]&amp#27;[0;39m &amp#27;[2m&amp#27;[0;39m&amp#27;[36mliquibase.changelog                     &amp#27;[0;39m &amp#27;[2m:&amp#27;[0;39m New row inserted into shopping_carts
&amp#27;[2m2026-03-01T22:19:44.183+02:00&amp#27;[0;39m &amp#27;[32m INFO&amp#27;[0;39m &amp#27;[35m12952&amp#27;[0;39m &amp#27;[2m---&amp#27;[0;39m &amp#27;[2m[           main]&amp#27;[0;39m &amp#27;[2m&amp#27;[0;39m&amp#27;[36mliquibase.changelog                     &amp#27;[0;39m &amp#27;[2m:&amp#27;[0;39m New row inserted into shopping_carts
&amp#27;[2m2026-03-01T22:19:44.183+02:00&amp#27;[0;39m &amp#27;[32m INFO&amp#27;[0;39m &amp#27;[35m12952&amp#27;[0;39m &amp#27;[2m---&amp#27;[0;39m &amp#27;[2m[           main]&amp#27;[0;39m &amp#27;[2m&amp#27;[0;39m&amp#27;[36mliquibase.changelog                     &amp#27;[0;39m &amp#27;[2m:&amp#27;[0;39m ChangeSet db/changelog/changes/11-insert-data-into-shopping-carts.yaml::insert-data-into-shopping-carts-table::Olha ran successfully in 1ms
Running Changeset: db/changelog/changes/12-create-cart-item-table.yaml::create-cart-item-table::Olha
&amp#27;[2m2026-03-01T22:19:44.187+02:00&amp#27;[0;39m &amp#27;[32m INFO&amp#27;[0;39m &amp#27;[35m12952&amp#27;[0;39m &amp#27;[2m---&amp#27;[0;39m &amp#27;[2m[           main]&amp#27;[0;39m &amp#27;[2m&amp#27;[0;39m&amp#27;[36mliquibase.changelog                     &amp#27;[0;39m &amp#27;[2m:&amp#27;[0;39m Table cart_items created
&amp#27;[2m2026-03-01T22:19:44.187+02:00&amp#27;[0;39m &amp#27;[32m INFO&amp#27;[0;39m &amp#27;[35m12952&amp#27;[0;39m &amp#27;[2m---&amp#27;[0;39m &amp#27;[2m[           main]&amp#27;[0;39m &amp#27;[2m&amp#27;[0;39m&amp#27;[36mliquibase.changelog                     &amp#27;[0;39m &amp#27;[2m:&amp#27;[0;39m ChangeSet db/changelog/changes/12-create-cart-item-table.yaml::create-cart-item-table::Olha ran successfully in 2ms
Running Changeset: db/changelog/changes/13-create-order-table.yaml::create-order-table::Olha
&amp#27;[2m2026-03-01T22:19:44.191+02:00&amp#27;[0;39m &amp#27;[32m INFO&amp#27;[0;39m &amp#27;[35m12952&amp#27;[0;39m &amp#27;[2m---&amp#27;[0;39m &amp#27;[2m[           main]&amp#27;[0;39m &amp#27;[2m&amp#27;[0;39m&amp#27;[36mliquibase.changelog                     &amp#27;[0;39m &amp#27;[2m:&amp#27;[0;39m Table orders created
&amp#27;[2m2026-03-01T22:19:44.191+02:00&amp#27;[0;39m &amp#27;[32m INFO&amp#27;[0;39m &amp#27;[35m12952&amp#27;[0;39m &amp#27;[2m---&amp#27;[0;39m &amp#27;[2m[           main]&amp#27;[0;39m &amp#27;[2m&amp#27;[0;39m&amp#27;[36mliquibase.changelog                     &amp#27;[0;39m &amp#27;[2m:&amp#27;[0;39m ChangeSet db/changelog/changes/13-create-order-table.yaml::create-order-table::Olha ran successfully in 2ms
Running Changeset: db/changelog/changes/14-create-order-item-table.yaml::create-order-item-table::Olha
&amp#27;[2m2026-03-01T22:19:44.196+02:00&amp#27;[0;39m &amp#27;[32m INFO&amp#27;[0;39m &amp#27;[35m12952&amp#27;[0;39m &amp#27;[2m---&amp#27;[0;39m &amp#27;[2m[           main]&amp#27;[0;39m &amp#27;[2m&amp#27;[0;39m&amp#27;[36mliquibase.changelog                     &amp#27;[0;39m &amp#27;[2m:&amp#27;[0;39m Table order_items created
&amp#27;[2m2026-03-01T22:19:44.196+02:00&amp#27;[0;39m &amp#27;[32m INFO&amp#27;[0;39m &amp#27;[35m12952&amp#27;[0;39m &amp#27;[2m---&amp#27;[0;39m &amp#27;[2m[           main]&amp#27;[0;39m &amp#27;[2m&amp#27;[0;39m&amp#27;[36mliquibase.changelog                     &amp#27;[0;39m &amp#27;[2m:&amp#27;[0;39m ChangeSet db/changelog/changes/14-create-order-item-table.yaml::create-order-item-table::Olha ran successfully in 3ms
&amp#27;[2m2026-03-01T22:19:44.198+02:00&amp#27;[0;39m &amp#27;[32m INFO&amp#27;[0;39m &amp#27;[35m12952&amp#27;[0;39m &amp#27;[2m---&amp#27;[0;39m &amp#27;[2m[           main]&amp#27;[0;39m &amp#27;[2m&amp#27;[0;39m&amp#27;[36mliquibase.util                          &amp#27;[0;39m &amp#27;[2m:&amp#27;[0;39m UPDATE SUMMARY
&amp#27;[2m2026-03-01T22:19:44.198+02:00&amp#27;[0;39m &amp#27;[32m INFO&amp#27;[0;39m &amp#27;[35m12952&amp#27;[0;39m &amp#27;[2m---&amp#27;[0;39m &amp#27;[2m[           main]&amp#27;[0;39m &amp#27;[2m&amp#27;[0;39m&amp#27;[36mliquibase.util                          &amp#27;[0;39m &amp#27;[2m:&amp#27;[0;39m Run:                         16
&amp#27;[2m2026-03-01T22:19:44.198+02:00&amp#27;[0;39m &amp#27;[32m INFO&amp#27;[0;39m &amp#27;[35m12952&amp#27;[0;39m &amp#27;[2m---&amp#27;[0;39m &amp#27;[2m[           main]&amp#27;[0;39m &amp#27;[2m&amp#27;[0;39m&amp#27;[36mliquibase.util                          &amp#27;[0;39m &amp#27;[2m:&amp#27;[0;39m Previously run:               0
&amp#27;[2m2026-03-01T22:19:44.199+02:00&amp#27;[0;39m &amp#27;[32m INFO&amp#27;[0;39m &amp#27;[35m12952&amp#27;[0;39m &amp#27;[2m---&amp#27;[0;39m &amp#27;[2m[           main]&amp#27;[0;39m &amp#27;[2m&amp#27;[0;39m&amp#27;[36mliquibase.util                          &amp#27;[0;39m &amp#27;[2m:&amp#27;[0;39m Filtered out:                 0
&amp#27;[2m2026-03-01T22:19:44.199+02:00&amp#27;[0;39m &amp#27;[32m INFO&amp#27;[0;39m &amp#27;[35m12952&amp#27;[0;39m &amp#27;[2m---&amp#27;[0;39m &amp#27;[2m[           main]&amp#27;[0;39m &amp#27;[2m&amp#27;[0;39m&amp#27;[36mliquibase.util                          &amp#27;[0;39m &amp#27;[2m:&amp#27;[0;39m -------------------------------
&amp#27;[2m2026-03-01T22:19:44.199+02:00&amp#27;[0;39m &amp#27;[32m INFO&amp#27;[0;39m &amp#27;[35m12952&amp#27;[0;39m &amp#27;[2m---&amp#27;[0;39m &amp#27;[2m[           main]&amp#27;[0;39m &amp#27;[2m&amp#27;[0;39m&amp#27;[36mliquibase.util                          &amp#27;[0;39m &amp#27;[2m:&amp#27;[0;39m Total change sets:           16
&amp#27;[2m2026-03-01T22:19:44.199+02:00&amp#27;[0;39m &amp#27;[32m INFO&amp#27;[0;39m &amp#27;[35m12952&amp#27;[0;39m &amp#27;[2m---&amp#27;[0;39m &amp#27;[2m[           main]&amp#27;[0;39m &amp#27;[2m&amp#27;[0;39m&amp#27;[36mliquibase.util                          &amp#27;[0;39m &amp#27;[2m:&amp#27;[0;39m Update summary generated
&amp#27;[2m2026-03-01T22:19:44.200+02:00&amp#27;[0;39m &amp#27;[32m INFO&amp#27;[0;39m &amp#27;[35m12952&amp#27;[0;39m &amp#27;[2m---&amp#27;[0;39m &amp#27;[2m[           main]&amp#27;[0;39m &amp#27;[2m&amp#27;[0;39m&amp#27;[36mliquibase.command                       &amp#27;[0;39m &amp#27;[2m:&amp#27;[0;39m Update command completed successfully.
Liquibase: Update has been successful. Rows affected: 29
&amp#27;[2m2026-03-01T22:19:44.201+02:00&amp#27;[0;39m &amp#27;[32m INFO&amp#27;[0;39m &amp#27;[35m12952&amp#27;[0;39m &amp#27;[2m---&amp#27;[0;39m &amp#27;[2m[           main]&amp#27;[0;39m &amp#27;[2m&amp#27;[0;39m&amp#27;[36mliquibase.lockservice                   &amp#27;[0;39m &amp#27;[2m:&amp#27;[0;39m Successfully released change log lock
&amp#27;[2m2026-03-01T22:19:44.201+02:00&amp#27;[0;39m &amp#27;[32m INFO&amp#27;[0;39m &amp#27;[35m12952&amp#27;[0;39m &amp#27;[2m---&amp#27;[0;39m &amp#27;[2m[           main]&amp#27;[0;39m &amp#27;[2m&amp#27;[0;39m&amp#27;[36mliquibase.command                       &amp#27;[0;39m &amp#27;[2m:&amp#27;[0;39m Command execution complete
&amp#27;[2m2026-03-01T22:19:44.269+02:00&amp#27;[0;39m &amp#27;[32m INFO&amp#27;[0;39m &amp#27;[35m12952&amp#27;[0;39m &amp#27;[2m---&amp#27;[0;39m &amp#27;[2m[           main]&amp#27;[0;39m &amp#27;[2m&amp#27;[0;39m&amp#27;[36mo.hibernate.jpa.internal.util.LogHelper &amp#27;[0;39m &amp#27;[2m:&amp#27;[0;39m HHH000204: Processing PersistenceUnitInfo [name: default]
&amp#27;[2m2026-03-01T22:19:44.308+02:00&amp#27;[0;39m &amp#27;[32m INFO&amp#27;[0;39m &amp#27;[35m12952&amp#27;[0;39m &amp#27;[2m---&amp#27;[0;39m &amp#27;[2m[           main]&amp#27;[0;39m &amp#27;[2m&amp#27;[0;39m&amp#27;[36morg.hibernate.Version                   &amp#27;[0;39m &amp#27;[2m:&amp#27;[0;39m HHH000412: Hibernate ORM core version 6.3.1.Final
&amp#27;[2m2026-03-01T22:19:44.330+02:00&amp#27;[0;39m &amp#27;[32m INFO&amp#27;[0;39m &amp#27;[35m12952&amp#27;[0;39m &amp#27;[2m---&amp#27;[0;39m &amp#27;[2m[           main]&amp#27;[0;39m &amp#27;[2m&amp#27;[0;39m&amp#27;[36mo.h.c.internal.RegionFactoryInitiator   &amp#27;[0;39m &amp#27;[2m:&amp#27;[0;39m HHH000026: Second-level cache disabled
&amp#27;[2m2026-03-01T22:19:44.452+02:00&amp#27;[0;39m &amp#27;[32m INFO&amp#27;[0;39m &amp#27;[35m12952&amp#27;[0;39m &amp#27;[2m---&amp#27;[0;39m &amp#27;[2m[           main]&amp#27;[0;39m &amp#27;[2m&amp#27;[0;39m&amp#27;[36mo.s.o.j.p.SpringPersistenceUnitInfo     &amp#27;[0;39m &amp#27;[2m:&amp#27;[0;39m No LoadTimeWeaver setup: ignoring JPA class transformer
&amp#27;[2m2026-03-01T22:19:45.057+02:00&amp#27;[0;39m &amp#27;[32m INFO&amp#27;[0;39m &amp#27;[35m12952&amp#27;[0;39m &amp#27;[2m---&amp#27;[0;39m &amp#27;[2m[           main]&amp#27;[0;39m &amp#27;[2m&amp#27;[0;39m&amp#27;[36mo.h.e.t.j.p.i.JtaPlatformInitiator      &amp#27;[0;39m &amp#27;[2m:&amp#27;[0;39m HHH000489: No JTA platform available (set 'hibernate.transaction.jta.platform' to enable JTA platform integration)
&amp#27;[2m2026-03-01T22:19:45.059+02:00&amp#27;[0;39m &amp#27;[32m INFO&amp#27;[0;39m &amp#27;[35m12952&amp#27;[0;39m &amp#27;[2m---&amp#27;[0;39m &amp#27;[2m[           main]&amp#27;[0;39m &amp#27;[2m&amp#27;[0;39m&amp#27;[36mj.LocalContainerEntityManagerFactoryBean&amp#27;[0;39m &amp#27;[2m:&amp#27;[0;39m Initialized JPA EntityManagerFactory for persistence unit 'default'
&amp#27;[2m2026-03-01T22:19:45.800+02:00&amp#27;[0;39m &amp#27;[32m INFO&amp#27;[0;39m &amp#27;[35m12952&amp#27;[0;39m &amp#27;[2m---&amp#27;[0;39m &amp#27;[2m[           main]&amp#27;[0;39m &amp#27;[2m&amp#27;[0;39m&amp#27;[36mo.s.a.v.pgvector.PgVectorStore          &amp#27;[0;39m &amp#27;[2m:&amp#27;[0;39m Using the vector table name: vector_store. Is empty: false
&amp#27;[2m2026-03-01T22:19:45.803+02:00&amp#27;[0;39m &amp#27;[32m INFO&amp#27;[0;39m &amp#27;[35m12952&amp#27;[0;39m &amp#27;[2m---&amp#27;[0;39m &amp#27;[2m[           main]&amp#27;[0;39m &amp#27;[2m&amp#27;[0;39m&amp#27;[36mo.s.a.v.pgvector.PgVectorStore          &amp#27;[0;39m &amp#27;[2m:&amp#27;[0;39m Initializing PGVectorStore schema for table: vector_store in schema: public
&amp#27;[2m2026-03-01T22:19:45.803+02:00&amp#27;[0;39m &amp#27;[32m INFO&amp#27;[0;39m &amp#27;[35m12952&amp#27;[0;39m &amp#27;[2m---&amp#27;[0;39m &amp#27;[2m[           main]&amp#27;[0;39m &amp#27;[2m&amp#27;[0;39m&amp#27;[36mo.s.a.v.pgvector.PgVectorStore          &amp#27;[0;39m &amp#27;[2m:&amp#27;[0;39m vectorTableValidationsEnabled false
&amp#27;[2m2026-03-01T22:19:45.929+02:00&amp#27;[0;39m &amp#27;[33m WARN&amp#27;[0;39m &amp#27;[35m12952&amp#27;[0;39m &amp#27;[2m---&amp#27;[0;39m &amp#27;[2m[           main]&amp#27;[0;39m &amp#27;[2m&amp#27;[0;39m&amp#27;[36mJpaBaseConfiguration$JpaWebConfiguration&amp#27;[0;39m &amp#27;[2m:&amp#27;[0;39m spring.jpa.open-in-view is enabled by default. Therefore, database queries may be performed during view rendering. Explicitly configure spring.jpa.open-in-view to disable this warning
&amp#27;[2m2026-03-01T22:19:46.069+02:00&amp#27;[0;39m &amp#27;[32m INFO&amp#27;[0;39m &amp#27;[35m12952&amp#27;[0;39m &amp#27;[2m---&amp#27;[0;39m &amp#27;[2m[           main]&amp#27;[0;39m &amp#27;[2m&amp#27;[0;39m&amp#27;[36mo.s.s.web.DefaultSecurityFilterChain    &amp#27;[0;39m &amp#27;[2m:&amp#27;[0;39m Will secure any request with [org.springframework.security.web.session.DisableEncodeUrlFilter@3a8c2faa, org.springframework.security.web.context.request.async.WebAsyncManagerIntegrationFilter@3f2f39ac, org.springframework.security.web.context.SecurityContextHolderFilter@2177f7e7, org.springframework.security.web.header.HeaderWriterFilter@22e2ebfe, org.springframework.security.web.authentication.logout.LogoutFilter@45ffca65, mate.academy.filters.JwtAuthenticationFilter@2d1b923f, org.springframework.security.web.savedrequest.RequestCacheAwareFilter@6cbd8f32, org.springframework.security.web.servletapi.SecurityContextHolderAwareRequestFilter@335581d1, org.springframework.security.web.authentication.AnonymousAuthenticationFilter@5fb89e18, org.springframework.security.web.session.SessionManagementFilter@5a200696, org.springframework.security.web.access.ExceptionTranslationFilter@1e0f3714, org.springframework.security.web.access.intercept.AuthorizationFilter@4c9927f0]
&amp#27;[2m2026-03-01T22:19:46.252+02:00&amp#27;[0;39m &amp#27;[32m INFO&amp#27;[0;39m &amp#27;[35m12952&amp#27;[0;39m &amp#27;[2m---&amp#27;[0;39m &amp#27;[2m[           main]&amp#27;[0;39m &amp#27;[2m&amp#27;[0;39m&amp#27;[36mo.s.b.w.embedded.tomcat.TomcatWebServer &amp#27;[0;39m &amp#27;[2m:&amp#27;[0;39m Tomcat started on port 53264 (http) with context path ''
&amp#27;[2m2026-03-01T22:19:46.260+02:00&amp#27;[0;39m &amp#27;[32m INFO&amp#27;[0;39m &amp#27;[35m12952&amp#27;[0;39m &amp#27;[2m---&amp#27;[0;39m &amp#27;[2m[           main]&amp#27;[0;39m &amp#27;[2m&amp#27;[0;39m&amp#27;[36mm.academy.controller.BookControllerTest &amp#27;[0;39m &amp#27;[2m:&amp#27;[0;39m Started BookControllerTest in 3.963 seconds (process running for 4.584)
&amp#27;[2m2026-03-01T22:19:46.271+02:00&amp#27;[0;39m &amp#27;[32m INFO&amp#27;[0;39m &amp#27;[35m12952&amp#27;[0;39m &amp#27;[2m---&amp#27;[0;39m &amp#27;[2m[           main]&amp#27;[0;39m &amp#27;[2m&amp#27;[0;39m&amp#27;[36mo.a.c.c.C.[Tomcat].[localhost].[/]      &amp#27;[0;39m &amp#27;[2m:&amp#27;[0;39m Initializing Spring TestDispatcherServlet ''
&amp#27;[2m2026-03-01T22:19:46.271+02:00&amp#27;[0;39m &amp#27;[32m INFO&amp#27;[0;39m &amp#27;[35m12952&amp#27;[0;39m &amp#27;[2m---&amp#27;[0;39m &amp#27;[2m[           main]&amp#27;[0;39m &amp#27;[2m&amp#27;[0;39m&amp#27;[36mo.s.t.web.servlet.TestDispatcherServlet &amp#27;[0;39m &amp#27;[2m:&amp#27;[0;39m Initializing Servlet ''
&amp#27;[2m2026-03-01T22:19:46.272+02:00&amp#27;[0;39m &amp#27;[32m INFO&amp#27;[0;39m &amp#27;[35m12952&amp#27;[0;39m &amp#27;[2m---&amp#27;[0;39m &amp#27;[2m[           main]&amp#27;[0;39m &amp#27;[2m&amp#27;[0;39m&amp#27;[36mo.s.t.web.servlet.TestDispatcherServlet &amp#27;[0;39m &amp#27;[2m:&amp#27;[0;39m Completed initialization in 1 ms
&amp#27;[2m2026-03-01T22:19:46.656+02:00&amp#27;[0;39m &amp#27;[33m WARN&amp#27;[0;39m &amp#27;[35m12952&amp#27;[0;39m &amp#27;[2m---&amp#27;[0;39m &amp#27;[2m[           main]&amp#27;[0;39m &amp#27;[2m&amp#27;[0;39m&amp#27;[36mo.s.w.s.h.HandlerMappingIntrospector    &amp#27;[0;39m &amp#27;[2m:&amp#27;[0;39m Cache miss for REQUEST dispatch to '/books/1' (previous null). Performing MatchableHandlerMapping lookup. This is logged once only at WARN level, and every time at TRACE.
]]></system-out>
    <system-err><![CDATA[WARNING: A Java agent has been loaded dynamically (/Users/user/.m2/repository/net/bytebuddy/byte-buddy-agent/1.14.10/byte-buddy-agent-1.14.10.jar)
WARNING: If a serviceability tool is in use, please run with -XX:+EnableDynamicAgentLoading to hide this warning
WARNING: If a serviceability tool is not in use, please run with -Djdk.instrument.traceUsage for more information
WARNING: Dynamic loading of agents will be disallowed by default in a future release
]]></system-err>
  </testcase>
  <testcase name="getBooks_valid_Success" classname="mate.academy.controller.BookControllerTest" time="0.072"/>
  <testcase name="getBook_validId_Success" classname="mate.academy.controller.BookControllerTest" time="0.009"/>
  <testcase name="getBook_invalidId_Fail" classname="mate.academy.controller.BookControllerTest" time="0.01"/>
</testsuite>